2023-10-13 00:12:22.1951|Projet.Controllers.HomeController|INFO|Ceci est un message d'information 
2023-10-13 00:12:59.2704|Projet.Areas.Identity.Pages.Account.LoginModel|INFO|Utilisateur connecté:ZYANE   Abdellah Adresse e-mail : 0, Rôles : 1 
2023-10-13 00:13:13.9384|Projet.Areas.Identity.Pages.Account.LogoutModel|INFO|User logged out. 
2023-10-13 00:13:13.9692|Projet.Controllers.HomeController|INFO|Ceci est un message d'information 
2023-10-13 00:13:26.5329|Projet.Controllers.HomeController|INFO|Ceci est un message d'information 
2023-10-13 00:14:46.2042|Projet.Controllers.HomeController|INFO|Ceci est un message d'information 
2023-10-13 00:15:39.2706|Projet.Controllers.HomeController|INFO|Ceci est un message d'information 
2023-10-13 00:15:52.8176|Projet.Areas.Identity.Pages.Account.LoginModel|INFO|Utilisateur connecté:ZYANE   Abdellah Adresse e-mail : 0, Rôles : 1 
2023-10-13 10:34:58.4719|Projet.Controllers.HomeController|INFO|Ceci est un message d'information 
2023-10-13 10:35:17.6882|Projet.Areas.Identity.Pages.Account.LoginModel|INFO|Utilisateur connecté:ZYANE   Abdellah Adresse e-mail : 0, Rôles : 1 
2023-10-13 10:50:05.3909|Projet.Controllers.HomeController|INFO|Ceci est un message d'information 
2023-10-13 10:50:24.2087|Projet.Areas.Identity.Pages.Account.LoginModel|INFO|Utilisateur connecté:admin  admin Adresse e-mail : 0, Rôles : 1 
2023-10-13 10:52:44.1820|Projet.Areas.Identity.Pages.Account.RegisterModel|INFO|User created a new account with password. 
2023-10-13 10:53:02.2006|Projet.Areas.Identity.Pages.Account.LogoutModel|INFO|User logged out. 
2023-10-13 10:53:02.2209|Projet.Controllers.HomeController|INFO|Ceci est un message d'information 
2023-10-13 10:55:56.6904|Projet.Areas.Identity.Pages.Account.LoginModel|INFO|Utilisateur connecté:ASKOUR   Omar Adresse e-mail : 0, Rôles : 1 
2023-10-13 10:56:17.8129|Projet.Areas.Identity.Pages.Account.LogoutModel|INFO|User logged out. 
2023-10-13 10:56:17.8302|Projet.Controllers.HomeController|INFO|Ceci est un message d'information 
2023-10-13 10:56:31.3129|Projet.Areas.Identity.Pages.Account.LoginModel|INFO|Utilisateur connecté:JRAIFI  Abdelilah Adresse e-mail : 0, Rôles : 1 
2023-10-13 11:03:14.9493|Projet.Controllers.HomeController|INFO|Ceci est un message d'information 
2023-10-13 11:03:23.0793|Projet.Areas.Identity.Pages.Account.LoginModel|INFO|Utilisateur connecté:JRAIFI  Abdelilah Adresse e-mail : 0, Rôles : 1 
2023-10-13 11:10:51.7198|Projet.Areas.Identity.Pages.Account.LogoutModel|INFO|User logged out. 
2023-10-13 11:10:51.7671|Projet.Controllers.HomeController|INFO|Ceci est un message d'information 
2023-10-13 11:11:08.8965|Projet.Areas.Identity.Pages.Account.LoginModel|INFO|Utilisateur connecté:test  test Adresse e-mail : 0, Rôles : 1 
2023-10-13 11:17:33.0355|Projet.Areas.Identity.Pages.Account.LogoutModel|INFO|User logged out. 
2023-10-13 11:17:33.0822|Projet.Controllers.HomeController|INFO|Ceci est un message d'information 
2023-10-13 11:18:57.8598|Projet.Areas.Identity.Pages.Account.LoginModel|INFO|Utilisateur connecté:secritaire  secritaire Adresse e-mail : 0, Rôles : 1 
2023-10-13 11:21:23.2423|Projet.Areas.Identity.Pages.Account.LogoutModel|INFO|User logged out. 
2023-10-13 11:21:23.2535|Projet.Controllers.HomeController|INFO|Ceci est un message d'information 
2023-10-13 11:21:47.1327|Projet.Areas.Identity.Pages.Account.LoginModel|INFO|Utilisateur connecté:ZYANE   Abdellah Adresse e-mail : 0, Rôles : 1 
2023-10-13 11:21:57.5541|Projet.Areas.Identity.Pages.Account.LogoutModel|INFO|User logged out. 
2023-10-13 11:21:57.5638|Projet.Controllers.HomeController|INFO|Ceci est un message d'information 
2023-10-13 11:22:17.4076|Projet.Areas.Identity.Pages.Account.LoginModel|INFO|Utilisateur connecté:secritaire  secritaire Adresse e-mail : 0, Rôles : 1 
2023-10-13 11:25:14.2091|Projet.Areas.Identity.Pages.Account.LogoutModel|INFO|User logged out. 
2023-10-13 11:25:14.2282|Projet.Controllers.HomeController|INFO|Ceci est un message d'information 
2023-10-13 11:25:24.0072|Projet.Areas.Identity.Pages.Account.LoginModel|INFO|Utilisateur connecté:ZYANE   Abdellah Adresse e-mail : 0, Rôles : 1 
2023-10-13 11:52:59.0651|Projet.Controllers.HomeController|INFO|Ceci est un message d'information 
2023-10-13 11:53:04.9710|Projet.Areas.Identity.Pages.Account.LoginModel|INFO|Utilisateur connecté:ZYANE   Abdellah Adresse e-mail : 0, Rôles : 1 
2023-10-13 13:10:53.3841|Projet.Controllers.HomeController|INFO|Ceci est un message d'information 
2023-10-13 13:11:03.9146|Projet.Areas.Identity.Pages.Account.LoginModel|INFO|Utilisateur connecté:ZYANE   Abdellah Adresse e-mail : 0, Rôles : 1 
2023-10-13 13:26:50.9542|Projet.Controllers.HomeController|INFO|Ceci est un message d'information 
2023-10-13 13:27:05.2692|Projet.Areas.Identity.Pages.Account.LoginModel|INFO|Utilisateur connecté:ZYANE   Abdellah Adresse e-mail : 0, Rôles : 1 
2023-10-13 13:28:43.5959|Projet.Controllers.HomeController|INFO|Ceci est un message d'information 
2023-10-13 13:28:52.4859|Projet.Areas.Identity.Pages.Account.LoginModel|INFO|Utilisateur connecté:ZYANE   Abdellah Adresse e-mail : 0, Rôles : 1 
2023-10-13 13:47:29.1711|Projet.Controllers.HomeController|INFO|Ceci est un message d'information 
2023-10-13 13:48:10.9449|Projet.Areas.Identity.Pages.Account.LoginModel|INFO|Utilisateur connecté:ZYANE   Abdellah Adresse e-mail : 0, Rôles : 1 
2023-10-13 13:59:07.5902|Projet.Controllers.HomeController|INFO|Ceci est un message d'information 
2023-10-13 14:09:03.7294|Projet.Controllers.HomeController|INFO|Ceci est un message d'information 
2023-10-13 14:13:26.0849|Projet.Controllers.HomeController|INFO|Ceci est un message d'information 
2023-10-13 14:13:36.4856|Projet.Areas.Identity.Pages.Account.LoginModel|INFO|Utilisateur connecté:ZYANE   Abdellah Adresse e-mail : 0, Rôles : 1 
2023-10-13 14:26:47.1986|Projet.Controllers.HomeController|INFO|Ceci est un message d'information 
2023-10-13 14:26:59.1579|Projet.Areas.Identity.Pages.Account.LoginModel|INFO|Utilisateur connecté:ZYANE   Abdellah Adresse e-mail : 0, Rôles : 1 
2023-10-13 14:49:49.9626|Projet.Controllers.HomeController|INFO|Ceci est un message d'information 
2023-10-13 14:50:06.2820|Projet.Areas.Identity.Pages.Account.LoginModel|INFO|Utilisateur connecté:ZYANE   Abdellah Adresse e-mail : 0, Rôles : 1 
2023-10-13 14:55:15.0090|Projet.Controllers.HomeController|INFO|Ceci est un message d'information 
2023-10-13 14:56:31.7770|Projet.Areas.Identity.Pages.Account.LoginModel|INFO|Utilisateur connecté:ZYANE   Abdellah Adresse e-mail : 0, Rôles : 1 
2023-10-13 15:06:37.4534|Projet.Controllers.HomeController|INFO|Ceci est un message d'information 
2023-10-13 15:06:48.8930|Projet.Areas.Identity.Pages.Account.LoginModel|INFO|Utilisateur connecté:ZYANE   Abdellah Adresse e-mail : 0, Rôles : 1 
2023-10-13 15:10:17.6026|Projet.Controllers.HomeController|INFO|Ceci est un message d'information 
2023-10-13 15:10:54.9141|Projet.Areas.Identity.Pages.Account.LoginModel|INFO|Utilisateur connecté:ZYANE   Abdellah Adresse e-mail : 0, Rôles : 1 
2023-10-13 20:05:52.0632|Projet.Controllers.HomeController|INFO|Ceci est un message d'information 
2023-10-13 20:08:31.3297|Projet.Areas.Identity.Pages.Account.LoginModel|INFO|Utilisateur connecté:ZYANE   Abdellah Adresse e-mail : 0, Rôles : 1 
2023-10-13 20:09:08.8943|Projet.Areas.Coordenateur.Controllers.EmploiController|INFO|L'utilisateur ZYANE   Abdellah a effectué une opération de Modification  de seance 3 du Mercredi  dans l 'emploi de temps de GIIA-1 
2023-10-13 20:20:04.5358|Projet.Controllers.HomeController|INFO|Ceci est un message d'information 
2023-10-13 20:20:15.2556|Projet.Areas.Identity.Pages.Account.LoginModel|INFO|Utilisateur connecté:ZYANE   Abdellah Adresse e-mail : 0, Rôles : 1 
2023-10-13 20:23:54.7200|Projet.Areas.Responsable.Controllers.VacatairesController|INFO|L'utilisateur ZYANE   Abdellah a effectué une opération de Suppression du Vacataire fathi  yassir 
2023-10-13 20:26:40.2046|Projet.Controllers.HomeController|INFO|Ceci est un message d'information 
2023-10-13 20:26:54.3758|Projet.Areas.Identity.Pages.Account.LoginModel|INFO|Utilisateur connecté:ZYANE   Abdellah Adresse e-mail : 0, Rôles : 1 
2023-10-13 20:31:37.3368|Projet.Areas.Admin.Controllers.EnseignantsController|INFO|L'utilisateur ZYANE   Abdellah a effectué une opération de Suppression de l 'Enseignant DALLI   Anouar 
2023-10-13 20:34:56.4803|Projet.Areas.Admin.Controllers.EnseignantsController|INFO|L'utilisateur ZYANE   Abdellah a effectué une opération de Modification de l 'Enseignant Hamza  Hamza 
2023-10-13 20:35:28.9203|Projet.Areas.Admin.Controllers.EnseignantsController|INFO|L'utilisateur ZYANE   Abdellah a effectué une opération de Modification de l 'Enseignant ASKOUR   Omar 
2023-10-13 20:39:37.5974|Projet.Controllers.HomeController|INFO|Ceci est un message d'information 
2023-10-13 20:46:54.9263|Projet.Areas.Identity.Pages.Account.LoginModel|INFO|Utilisateur connecté:ZYANE   Abdellah Adresse e-mail : 0, Rôles : 1 
2023-10-13 20:49:26.2762|Projet.Areas.Admin.Controllers.EnseignantsController|INFO|L'utilisateur ZYANE   Abdellah a effectué une opération de Modification de l 'Enseignant EL AIMANI   Laila 
2023-10-13 20:58:34.3293|Projet.Areas.Responsable.Controllers.LocalsController|INFO|L'utilisateur ZYANE   Abdellah a effectué une opération de Modification de:ATELIER 5bis . 
2023-10-13 20:58:43.7990|Projet.Areas.Responsable.Controllers.LocalsController|INFO|L'utilisateur ZYANE   Abdellah a effectué une opération de Modification de:salle N°1 . 
2023-10-13 21:01:55.7246|Projet.Controllers.HomeController|INFO|Ceci est un message d'information 
2023-10-13 21:08:24.8447|Projet.Controllers.HomeController|INFO|Ceci est un message d'information 
2023-10-13 21:08:31.2504|Projet.Areas.Identity.Pages.Account.LoginModel|INFO|Utilisateur connecté:ZYANE   Abdellah Adresse e-mail : 0, Rôles : 1 
2023-10-13 21:09:04.1263|Projet.Areas.Responsable.Controllers.VacatairesController|INFO|L'utilisateur ZYANE   Abdellah a effectué une opération de Modification du Vacataire Omar  khatabi 
2023-10-13 21:12:27.5962|Projet.Areas.Responsable.Controllers.LocalsController|INFO|L'utilisateur ZYANE   Abdellah a effectué une opération de Modification de:salle N°1 . 
2023-10-13 21:12:39.0329|Projet.Areas.Responsable.Controllers.LocalsController|INFO|L'utilisateur ZYANE   Abdellah a effectué une opération de Modification de:salle N°2 . 
2023-10-13 21:12:48.8010|Projet.Areas.Responsable.Controllers.LocalsController|INFO|L'utilisateur ZYANE   Abdellah a effectué une opération de Modification de:salle N°3 . 
2023-10-13 21:13:25.4773|Projet.Areas.Responsable.Controllers.LocalsController|INFO|L'utilisateur ZYANE   Abdellah a effectué une opération de Modification de:salle N°4 . 
2023-10-13 21:14:22.7712|Projet.Areas.Responsable.Controllers.LocalsController|INFO|L'utilisateur ZYANE   Abdellah a effectué une opération de Modification de:salle N°5 . 
2023-10-13 21:14:33.0337|Projet.Areas.Responsable.Controllers.LocalsController|INFO|L'utilisateur ZYANE   Abdellah a effectué une opération de Modification de:salle N°6 . 
2023-10-13 21:14:42.2986|Projet.Areas.Responsable.Controllers.LocalsController|INFO|L'utilisateur ZYANE   Abdellah a effectué une opération de Modification de:salle N°7 . 
2023-10-13 21:14:52.5549|Projet.Areas.Responsable.Controllers.LocalsController|INFO|L'utilisateur ZYANE   Abdellah a effectué une opération de Modification de:salle N°8 . 
2023-10-13 21:17:28.6290|Projet.Controllers.HomeController|INFO|Ceci est un message d'information 
2023-10-13 21:17:37.5192|Projet.Areas.Identity.Pages.Account.LoginModel|INFO|Utilisateur connecté:ZYANE   Abdellah Adresse e-mail : 0, Rôles : 1 
2023-10-13 21:17:56.5032|Projet.Areas.Responsable.Controllers.LocalsController|INFO|L'utilisateur ZYANE   Abdellah a effectué une opération de Modification de:salle N°9 . 
2023-10-13 21:20:12.6581|Projet.Areas.Responsable.Controllers.LocalsController|INFO|L'utilisateur ZYANE   Abdellah a effectué une opération de Modification de:salle N°10 . 
2023-10-13 21:20:36.8661|Projet.Areas.Responsable.Controllers.LocalsController|INFO|L'utilisateur ZYANE   Abdellah a effectué une opération de Modification de:salle N°11 . 
2023-10-13 21:20:47.1190|Projet.Areas.Responsable.Controllers.LocalsController|INFO|L'utilisateur ZYANE   Abdellah a effectué une opération de Modification de:salle N°12 . 
2023-10-13 21:20:59.1470|Projet.Areas.Responsable.Controllers.LocalsController|INFO|L'utilisateur ZYANE   Abdellah a effectué une opération de Modification de:salle N°13 . 
2023-10-13 21:21:07.6896|Projet.Areas.Responsable.Controllers.LocalsController|INFO|L'utilisateur ZYANE   Abdellah a effectué une opération de Modification de:salle N°14 . 
2023-10-13 21:21:16.7771|Projet.Areas.Responsable.Controllers.LocalsController|INFO|L'utilisateur ZYANE   Abdellah a effectué une opération de Modification de:salle N°15 . 
2023-10-13 21:21:29.3626|Projet.Areas.Responsable.Controllers.LocalsController|INFO|L'utilisateur ZYANE   Abdellah a effectué une opération de Modification de:salle N°16 . 
2023-10-13 21:21:37.8290|Projet.Areas.Responsable.Controllers.LocalsController|INFO|L'utilisateur ZYANE   Abdellah a effectué une opération de Modification de:salle N°17 . 
2023-10-13 21:21:47.5835|Projet.Areas.Responsable.Controllers.LocalsController|INFO|L'utilisateur ZYANE   Abdellah a effectué une opération de Modification de:salle N°18 . 
2023-10-13 21:29:53.0814|Projet.Areas.Responsable.Controllers.LocalsController|INFO|L'utilisateur ZYANE   Abdellah a effectué une opération de Modification de:salle N°19 . 
2023-10-13 21:30:07.0317|Projet.Areas.Responsable.Controllers.LocalsController|INFO|L'utilisateur ZYANE   Abdellah a effectué une opération de Modification de:salle N°20 . 
2023-10-13 21:30:19.8532|Projet.Areas.Responsable.Controllers.LocalsController|INFO|L'utilisateur ZYANE   Abdellah a effectué une opération de Modification de:Amphi B . 
2023-10-13 21:30:32.6441|Projet.Areas.Responsable.Controllers.LocalsController|INFO|L'utilisateur ZYANE   Abdellah a effectué une opération de Modification de:Amphi A . 
2023-10-13 21:30:43.0203|Projet.Areas.Responsable.Controllers.LocalsController|INFO|L'utilisateur ZYANE   Abdellah a effectué une opération de Modification de:ATELIER 4 . 
2023-10-13 21:30:53.5084|Projet.Areas.Responsable.Controllers.LocalsController|INFO|L'utilisateur ZYANE   Abdellah a effectué une opération de Modification de:ATELIER 8 . 
2023-10-13 21:31:24.4167|Projet.Areas.Responsable.Controllers.LocalsController|INFO|L'utilisateur ZYANE   Abdellah a effectué une opération de Modification de:ATELIER 5bis . 
2023-10-13 21:31:34.2665|Projet.Areas.Responsable.Controllers.LocalsController|INFO|L'utilisateur ZYANE   Abdellah a effectué une opération de Modification de:ATELIER 5 . 
2023-10-13 21:31:47.6617|Projet.Areas.Responsable.Controllers.LocalsController|INFO|L'utilisateur ZYANE   Abdellah a effectué une opération de Modification de:salle 56 . 
2023-10-13 21:32:18.9229|Projet.Areas.Responsable.Controllers.LocalsController|INFO|L'utilisateur ZYANE   Abdellah a effectué une opération de Modification de:Amphi B . 
2023-10-13 21:32:39.3010|Projet.Areas.Responsable.Controllers.LocalsController|INFO|L'utilisateur ZYANE   Abdellah a effectué une opération de Modification de:Amphi A . 
2023-10-13 21:32:54.5691|Projet.Areas.Responsable.Controllers.LocalsController|INFO|L'utilisateur ZYANE   Abdellah a effectué une opération de Supprission de:salle 56 . 
2023-10-13 21:33:13.2510|Projet.Areas.Responsable.Controllers.LocalsController|INFO|L'utilisateur ZYANE   Abdellah a effectué une opération de Supprission de:salle 56 . 
2023-10-13 21:35:56.6242|Projet.Controllers.HomeController|INFO|Ceci est un message d'information 
2023-10-13 21:37:18.8558|Projet.Areas.Identity.Pages.Account.LoginModel|INFO|Utilisateur connecté:ZYANE   Abdellah Adresse e-mail : 0, Rôles : 1 
2023-10-13 21:38:03.3478|Projet.Areas.Responsable.Controllers.LocalsController|INFO|L'utilisateur ZYANE   Abdellah a effectué une opération de Supprission de:salle 56 . 
2023-10-13 21:39:56.6928|Projet.Controllers.HomeController|INFO|Ceci est un message d'information 
2023-10-13 21:40:26.8287|Projet.Areas.Identity.Pages.Account.LoginModel|INFO|Utilisateur connecté:ZYANE   Abdellah Adresse e-mail : 0, Rôles : 1 
2023-10-13 21:40:45.2078|Projet.Areas.Responsable.Controllers.LocalsController|INFO|L'utilisateur ZYANE   Abdellah a effectué une opération de Supprission de:salle 56 . 
2023-10-13 21:47:53.3218|Projet.Controllers.HomeController|INFO|Ceci est un message d'information 
2023-10-13 21:49:01.7401|Projet.Areas.Identity.Pages.Account.LoginModel|INFO|Utilisateur connecté:ZYANE   Abdellah Adresse e-mail : 0, Rôles : 1 
2023-10-13 22:21:49.0091|Projet.Controllers.HomeController|INFO|Ceci est un message d'information 
2023-10-13 22:22:03.7402|Projet.Areas.Identity.Pages.Account.LoginModel|INFO|Utilisateur connecté:ZYANE   Abdellah Adresse e-mail : 0, Rôles : 1 
2023-10-13 22:42:27.9793|Projet.Controllers.HomeController|INFO|Ceci est un message d'information 
2023-10-13 22:43:21.0638|Projet.Areas.Identity.Pages.Account.LoginModel|INFO|Utilisateur connecté:ZYANE   Abdellah Adresse e-mail : 0, Rôles : 1 
2023-10-13 22:48:14.2736|Projet.Controllers.HomeController|INFO|Ceci est un message d'information 
2023-10-13 22:49:18.4480|Projet.Areas.Identity.Pages.Account.LoginModel|INFO|Utilisateur connecté:ZYANE   Abdellah Adresse e-mail : 0, Rôles : 1 
2023-10-13 22:50:05.9623|Projet.Areas.Responsable.Controllers.MatieresController|INFO|An error occurred while deleting matiere 
2023-10-13 22:58:08.8298|Projet.Areas.Coordenateur.Controllers.EmploiController|INFO|L'utilisateur ZYANE   Abdellah a effectué une opération d'ajout de seance 1 du  Lundi dans l'emploi du temps de GIIA-INFO-2. 
2023-10-13 22:58:40.1103|Projet.Areas.Coordenateur.Controllers.EmploiController|INFO|L'utilisateur ZYANE   Abdellah a effectué une opération d'ajout de seance 1 du Lundi dans l'emploi du temps de GIIA-IDIA-2. 
2023-10-13 23:03:44.0257|Projet.Controllers.HomeController|INFO|Ceci est un message d'information 
2023-10-13 23:03:56.9083|Projet.Areas.Identity.Pages.Account.LoginModel|INFO|Utilisateur connecté:ZYANE   Abdellah Adresse e-mail : 0, Rôles : 1 
2023-10-13 23:29:19.8450|Projet.Controllers.HomeController|INFO|Ceci est un message d'information 
2023-10-13 23:30:04.0177|Projet.Areas.Identity.Pages.Account.LoginModel|INFO|Utilisateur connecté:ZYANE   Abdellah Adresse e-mail : 0, Rôles : 1 
2023-10-13 23:32:34.8081|Projet.Controllers.HomeController|INFO|Ceci est un message d'information 
2023-10-13 23:32:55.4395|Projet.Areas.Identity.Pages.Account.LoginModel|INFO|Utilisateur connecté:ZYANE   Abdellah Adresse e-mail : 0, Rôles : 1 
2023-10-13 23:42:25.8663|Projet.Controllers.HomeController|INFO|Ceci est un message d'information 
