2023-11-02 09:10:40.7601|Projet.Controllers.HomeController|INFO|Ceci est un message d'information 
2023-11-02 09:11:21.1585|Projet.Areas.Identity.Pages.Account.LoginModel|INFO|Utilisateur connecté:admin  admin Adresse e-mail : 0, Rôles : 1 
2023-11-02 09:12:18.2838|Projet.Areas.Identity.Pages.Account.LogoutModel|INFO|User logged out. 
2023-11-02 09:12:18.2986|Projet.Controllers.HomeController|INFO|Ceci est un message d'information 
2023-11-02 09:12:27.6427|Projet.Areas.Identity.Pages.Account.LoginModel|INFO|Utilisateur connecté:ZYANE   Abdellah Adresse e-mail : 0, Rôles : 1 
2023-11-02 09:14:29.5037|Projet.Areas.Coordenateur.Controllers.EmploiController|INFO|L'utilisateur ZYANE   Abdellah a effectué une opération d'ajout de seance 1 du  Lundi dans l'emploi du temps de GIIA-INFO-2. 
2023-11-02 09:14:57.6421|Projet.Areas.Coordenateur.Controllers.EmploiController|INFO|L'utilisateur ZYANE   Abdellah a effectué une opération d'ajout de seance 2 du  Lundi dans l'emploi du temps de GIIA-INFO-2. 
2023-11-02 09:15:31.2421|Projet.Areas.Admin.Controllers.EnseignantsController|INFO|L'utilisateur ZYANE   Abdellah a effectué une opération de Suppression de l 'Enseignant ss  ss 
2023-11-02 09:15:40.5193|Projet.Areas.Admin.Controllers.EnseignantsController|INFO|L'utilisateur ZYANE   Abdellah a effectué une opération de Suppression de l 'Enseignant fff  ffff 
2023-11-02 09:15:58.1751|Projet.Areas.Responsable.Controllers.VacatairesController|INFO|L'utilisateur ZYANE   Abdellah a effectué une opération de Suppression du Vacataire dd  dd 
2023-11-02 09:16:06.6291|Projet.Areas.Responsable.Controllers.VacatairesController|INFO|L'utilisateur ZYANE   Abdellah a effectué une opération de Suppression du Vacataire rajae  rajae 
2023-11-02 09:17:30.3314|Projet.Areas.Coordenateur.Controllers.EmploiController|INFO|L'utilisateur ZYANE   Abdellah a effectué une opération d'ajout de seance 2 du  Mardi dans l'emploi du temps de GIIA-INFO-2. 
2023-11-02 09:18:34.6520|Projet.Areas.Admin.Controllers.EnseignantsController|INFO|L'utilisateur ZYANE   Abdellah a effectué une opération de Modification de l 'Enseignant BELCAID   Anass 
2023-11-02 09:19:13.1129|Projet.Areas.Admin.Controllers.EnseignantsController|INFO|L'utilisateur ZYANE   Abdellah a effectué une opération de Modification de l 'Enseignant BENLAMKADEM   Abdellatif 
2023-11-02 09:22:37.5494|Projet.Areas.Coordenateur.Controllers.EmploiController|INFO|L'utilisateur ZYANE   Abdellah a effectué une opération d'ajout de seance 4 du  Jeudi dans l'emploi du temps de GIIA-1. 
2023-11-02 09:23:16.3630|Projet.Areas.Coordenateur.Controllers.EmploiController|INFO|L'utilisateur ZYANE   Abdellah a effectué une opération d'ajout de seance 2 du  Samedi dans l'emploi du temps de GIIA-1. 
2023-11-02 09:24:01.5716|Projet.Areas.Coordenateur.Controllers.EmploiController|INFO|L'utilisateur ZYANE   Abdellah a effectué une opération d'ajout de seance 2 du  Jeudi dans l'emploi du temps de GIIA-1. 
2023-11-02 09:25:00.5650|Projet.Areas.Identity.Pages.Account.LogoutModel|INFO|User logged out. 
2023-11-02 09:25:00.5794|Projet.Controllers.HomeController|INFO|Ceci est un message d'information 
2023-11-02 09:25:10.3791|Projet.Areas.Identity.Pages.Account.LoginModel|INFO|Utilisateur connecté:JRAIFI  Abdelilah Adresse e-mail : 0, Rôles : 1 
2023-11-02 09:26:32.9253|Projet.Areas.Identity.Pages.Account.LogoutModel|INFO|User logged out. 
2023-11-02 09:26:32.9403|Projet.Controllers.HomeController|INFO|Ceci est un message d'information 
2023-11-02 09:26:47.2694|Projet.Areas.Identity.Pages.Account.LoginModel|INFO|Utilisateur connecté:test  test Adresse e-mail : 0, Rôles : 1 
2023-11-02 09:27:31.7825|Projet.Areas.Identity.Pages.Account.LogoutModel|INFO|User logged out. 
2023-11-02 09:27:31.7984|Projet.Controllers.HomeController|INFO|Ceci est un message d'information 
2023-11-02 09:27:51.2098|Projet.Controllers.HomeController|INFO|Ceci est un message d'information 
2023-11-02 09:28:00.0326|Projet.Areas.Identity.Pages.Account.LoginModel|INFO|Utilisateur connecté:BELCAID   Anass Adresse e-mail : 0, Rôles : 1 
2023-11-02 09:28:15.6929|Projet.Areas.Identity.Pages.Account.LogoutModel|INFO|User logged out. 
2023-11-02 09:28:15.7050|Projet.Controllers.HomeController|INFO|Ceci est un message d'information 
2023-11-02 09:28:24.2095|Projet.Controllers.HomeController|INFO|Ceci est un message d'information 
2023-11-02 09:28:58.5360|Projet.Controllers.HomeController|INFO|Ceci est un message d'information 
2023-11-02 09:29:20.8948|Projet.Areas.Identity.Pages.Account.LoginModel|INFO|Utilisateur connecté:ASKOUR   Omar Adresse e-mail : 0, Rôles : 1 
2023-11-02 09:29:43.1171|Projet.Areas.Identity.Pages.Account.LogoutModel|INFO|User logged out. 
2023-11-02 09:29:43.1262|Projet.Controllers.HomeController|INFO|Ceci est un message d'information 
2023-11-02 09:29:53.6610|Projet.Areas.Identity.Pages.Account.LoginModel|INFO|Utilisateur connecté:secritaire  secritaire Adresse e-mail : 0, Rôles : 1 
2023-11-02 09:30:39.5982|Projet.Areas.Identity.Pages.Account.LogoutModel|INFO|User logged out. 
2023-11-02 09:30:39.6137|Projet.Controllers.HomeController|INFO|Ceci est un message d'information 
2023-11-02 09:30:54.8922|Projet.Areas.Identity.Pages.Account.LoginModel|INFO|Utilisateur connecté:ASKOUR   Omar Adresse e-mail : 0, Rôles : 1 
2023-11-02 09:58:10.2962|Projet.Controllers.HomeController|INFO|Ceci est un message d'information 
2023-11-02 09:58:26.3918|Projet.Areas.Identity.Pages.Account.LoginModel|INFO|Utilisateur connecté:ZYANE   Abdellah Adresse e-mail : 0, Rôles : 1 
2023-11-02 10:04:22.8334|Projet.Areas.Identity.Pages.Account.LogoutModel|INFO|User logged out. 
2023-11-02 10:04:22.8507|Projet.Controllers.HomeController|INFO|Ceci est un message d'information 
2023-11-02 10:04:40.8685|Projet.Areas.Identity.Pages.Account.LoginModel|INFO|Utilisateur connecté:test  test Adresse e-mail : 0, Rôles : 1 
2023-11-02 10:05:41.3138|Projet.Areas.Identity.Pages.Account.LogoutModel|INFO|User logged out. 
2023-11-02 10:05:41.3138|Projet.Controllers.HomeController|INFO|Ceci est un message d'information 
2023-11-02 10:06:18.0678|Projet.Areas.Identity.Pages.Account.LoginModel|INFO|Utilisateur connecté:admin  admin Adresse e-mail : 0, Rôles : 1 
